	im: put_inode 1
FUSE library version: 2.9.9
unique: 2, opcode: INIT (26), nodeid: 0, insize: 56, pid: 0
INIT: 7.32
flags=0x03fffffb
max_readahead=0x00020000
   INIT: 7.19
   flags=0x00000000
   max_readahead=0x00020000
   max_write=0x00020000
   max_background=0
   congestion_threshold=0
   unique: 2, success, outsize: 40
unique: 4, opcode: LOOKUP (1), nodeid: 1, insize: 46, pid: 665
extent_server: get 1
   unique: 4, error: -2 (No such file or directory), outsize: 16
unique: 6, opcode: LOOKUP (1), nodeid: 1, insize: 46, pid: 665
extent_server: get 1
   unique: 6, error: -2 (No such file or directory), outsize: 16
unique: 8, opcode: LOOKUP (1), nodeid: 1, insize: 54, pid: 665
extent_server: get 1
   unique: 8, error: -2 (No such file or directory), outsize: 16
unique: 10, opcode: LOOKUP (1), nodeid: 1, insize: 54, pid: 665
extent_server: get 1
   unique: 10, error: -2 (No such file or directory), outsize: 16
unique: 12, opcode: LOOKUP (1), nodeid: 1, insize: 51, pid: 665
extent_server: get 1
   unique: 12, error: -2 (No such file or directory), outsize: 16
unique: 14, opcode: LOOKUP (1), nodeid: 1, insize: 51, pid: 665
extent_server: get 1
   unique: 14, error: -2 (No such file or directory), outsize: 16
unique: 16, opcode: LOOKUP (1), nodeid: 1, insize: 52, pid: 665
extent_server: get 1
   unique: 16, error: -2 (No such file or directory), outsize: 16
unique: 18, opcode: LOOKUP (1), nodeid: 1, insize: 52, pid: 665
extent_server: get 1
   unique: 18, error: -2 (No such file or directory), outsize: 16
unique: 20, opcode: LOOKUP (1), nodeid: 1, insize: 46, pid: 666
extent_server: get 1
   unique: 20, error: -2 (No such file or directory), outsize: 16
unique: 22, opcode: LOOKUP (1), nodeid: 1, insize: 46, pid: 666
extent_server: get 1
   unique: 22, error: -2 (No such file or directory), outsize: 16
unique: 24, opcode: SYMLINK (6), nodeid: 1, insize: 57, pid: 666
hit this func
extent_server: get 1
extent_server: create inode
type error
extent_server: get 1
	im: put_inode 1
write is okk
create simple file success
extent_server: get 1
second situlation
	im: put_inode 1
write is okk
before get attr is all ok
extent_server: getattr 1
isfile: 1 is not a file
getattr 0000000000000001 0
extent_server: getattr 1
isfile: 1 is not a file
getdir 0000000000000001
extent_server: getattr 1
   getattr -> 0 15 15
create okk
   unique: 24, success, outsize: 144
unique: 26, opcode: LOOKUP (1), nodeid: 1, insize: 46, pid: 667
extent_server: get 1
   unique: 26, error: -2 (No such file or directory), outsize: 16
fuse: failed to unmount /home/stu/cse-lab/chfs1: Invalid argument
